2016-01-21 12:18:29 [DEBUG] 
2016-01-21 12:18:29 [DEBUG] key====>1
2016-01-21 12:18:29 [DEBUG] key====>4
2016-01-21 12:21:29 [DEBUG] key====>0
2016-01-21 12:21:29 [DEBUG] key====>3
2016-01-21 12:23:04 [DEBUG] key====>0
2016-01-21 12:23:04 [DEBUG] key====>3
2016-01-21 12:24:05 [DEBUG] key====>0
2016-01-21 12:24:05 [DEBUG] key====>3
2016-01-21 12:24:49 [DEBUG] key====>0
2016-01-21 12:24:49 [DEBUG] key====>3
2016-01-21 22:02:02 [DEBUG] tom login successfully.
2016-01-25 10:51:57 [DEBUG] tom login successfully.
2016-01-25 10:52:40 [DEBUG] tom login successfully.
2016-01-25 10:56:17 [DEBUG] tom login successfully.
2016-01-25 10:56:22 [DEBUG] tom login successfully.
2016-01-25 10:56:28 [DEBUG] tom login successfully.
2016-01-25 10:58:52 [DEBUG] tom login successfully.
2016-01-25 11:31:08 [DEBUG] tom login successfully.
2016-01-25 11:31:13 [DEBUG] tom login successfully.
2016-01-25 22:54:40 [DEBUG] tom login successfully.
2016-01-25 22:57:37 [DEBUG] tom login successfully.
2016-01-25 23:02:29 [DEBUG] tom login successfully.
2016-01-25 23:03:38 [DEBUG] tom login successfully.
2016-01-25 23:16:06 [DEBUG] tom login successfully.
2016-01-26 09:43:58 [DEBUG] tom login successfully.
2016-01-26 09:48:30 [DEBUG] tom login successfully.
2016-01-27 19:28:31 [DEBUG] tom login successfully.
2016-01-28 11:51:51 [DEBUG] tom login successfully.
2016-01-28 13:12:53 [DEBUG] tom login successfully.
2016-01-28 19:32:18 [DEBUG] tom login successfully.
2016-01-29 10:29:20 [DEBUG] tom login successfully.
2016-01-29 10:30:41 [DEBUG] tom login successfully.
2016-01-29 14:12:38 [DEBUG] tom login successfully.
2016-01-30 12:58:54 [DEBUG] tom login successfully.
2016-01-30 13:43:56 [DEBUG] tom login successfully.
2016-01-30 13:43:58 [DEBUG] tom login successfully.
2016-01-30 13:43:59 [DEBUG] tom login successfully.
2016-01-30 13:44:00 [DEBUG] tom login successfully.
2016-01-30 13:44:03 [DEBUG] tom login successfully.
2016-01-30 14:40:32 [DEBUG] tom login successfully.
2016-01-30 14:40:38 [DEBUG] tom login successfully.
2016-01-30 14:41:25 [DEBUG] tom login successfully.
2016-01-30 14:44:21 [DEBUG] tom login successfully.
2016-01-30 14:46:31 [DEBUG] tom login successfully.
2016-01-30 14:47:35 [DEBUG] tom login successfully.
2016-01-30 14:49:10 [DEBUG] tom login successfully.
2016-01-30 14:59:23 [DEBUG] tom login successfully.
2016-01-30 14:59:27 [DEBUG] tom login successfully.
2016-01-30 15:00:28 [DEBUG] tom login successfully.
2016-01-30 15:00:30 [DEBUG] tom login successfully.
2016-01-30 15:00:36 [DEBUG] tom login successfully.
2016-01-30 15:01:02 [DEBUG] tom login successfully.
2016-01-30 15:01:14 [DEBUG] tom login successfully.
2016-01-30 17:29:52 [DEBUG] tom login successfully.
2016-01-30 17:30:18 [DEBUG] tom login successfully.
2016-01-30 17:30:36 [DEBUG] tom login successfully.
2016-01-30 17:31:34 [DEBUG] tom login successfully.
2016-01-30 17:34:46 [DEBUG] tom login successfully.
2016-01-30 17:35:11 [DEBUG] tom login successfully.
2016-01-30 17:37:24 [DEBUG] tom login successfully.
2016-01-30 17:37:27 [DEBUG] tom login successfully.
2016-01-30 17:37:28 [DEBUG] tom login successfully.
2016-01-30 17:37:28 [DEBUG] tom login successfully.
2016-01-30 17:43:17 [DEBUG] tom login successfully.
2016-01-30 17:43:18 [DEBUG] tom login successfully.
2016-01-30 17:43:19 [DEBUG] tom login successfully.
2016-01-30 17:43:20 [DEBUG] tom login successfully.
2016-01-30 17:43:20 [DEBUG] tom login successfully.
2016-01-30 17:43:20 [DEBUG] tom login successfully.
2016-01-30 17:43:21 [DEBUG] tom login successfully.
2016-01-30 17:43:21 [DEBUG] tom login successfully.
2016-01-30 17:43:21 [DEBUG] tom login successfully.
2016-01-30 17:43:21 [DEBUG] tom login successfully.
2016-01-30 17:43:52 [DEBUG] tom login successfully.
2016-01-30 17:43:58 [DEBUG] tom login successfully.
2016-01-30 17:44:32 [DEBUG] tom login successfully.
2016-01-30 17:45:30 [DEBUG] tom login successfully.
2016-01-30 17:48:25 [DEBUG] tom login successfully.
2016-01-30 17:48:28 [DEBUG] tom login successfully.
2016-01-30 17:51:10 [DEBUG] login controller index is called
2016-01-30 17:51:41 [DEBUG] tom login successfully.
2016-01-30 17:55:22 [DEBUG] URLTool is requested
2016-01-30 17:56:11 [DEBUG] URLTool is requested
2016-01-30 17:56:59 [DEBUG] URLTool is requested
2016-01-30 17:57:00 [DEBUG] URLTool is requested
2016-01-30 17:57:00 [DEBUG] URLTool is requested
2016-01-30 17:57:00 [DEBUG] URLTool is requested
2016-01-30 17:57:00 [DEBUG] URLTool is requested
2016-01-30 17:57:05 [DEBUG] login controller index is called
2016-01-30 17:57:33 [DEBUG] tom login successfully.
2016-01-30 17:57:36 [DEBUG] login controller index is called
2016-01-30 17:57:50 [DEBUG] login controller index is called
2016-01-30 17:57:53 [DEBUG] tom login successfully.
2016-01-30 17:58:18 [DEBUG] tom login successfully.
2016-01-30 17:58:19 [DEBUG] tom login successfully.
2016-01-30 17:58:20 [DEBUG] tom login successfully.
2016-01-30 17:58:20 [DEBUG] tom login successfully.
2016-01-30 17:58:20 [DEBUG] tom login successfully.
2016-01-30 18:00:15 [DEBUG] login controller index is called
2016-01-30 18:01:29 [DEBUG] login controller index is called
2016-01-30 18:01:55 [DEBUG] redirect to login/index
2016-01-30 18:01:55 [DEBUG] tom login successfully.
2016-01-30 18:02:10 [DEBUG] login controller index is called
2016-01-30 18:02:33 [DEBUG] redirect to login/index
2016-01-30 18:02:33 [DEBUG] tom login successfully.
2016-01-30 18:03:49 [DEBUG] login controller index is called
2016-01-30 18:03:54 [DEBUG] tom login successfully.
2016-01-30 18:04:02 [DEBUG] login controller index is called
2016-01-30 18:04:06 [DEBUG] redirect to login/index
2016-01-30 18:04:06 [DEBUG] _REQUEST['rController']======>login
2016-01-30 18:04:06 [DEBUG] tom login successfully.
2016-01-30 18:06:12 [DEBUG] login controller index is called
2016-01-30 18:06:16 [DEBUG] redirect to login/index
2016-01-30 18:06:16 [DEBUG] _REQUEST['rController']======>login
2016-01-30 18:06:16 [DEBUG] _REQUEST['rMethod']======>login
2016-01-30 18:06:16 [DEBUG] tom login successfully.
2016-01-30 18:07:35 [DEBUG] login controller index is called
2016-01-30 18:07:43 [DEBUG] redirect to login/index
2016-01-30 18:07:43 [DEBUG] _REQUEST['rController']======>login
2016-01-30 18:07:43 [DEBUG] _REQUEST['rMethod']======>login
2016-01-30 18:07:43 [DEBUG] tom login successfully.
2016-01-30 18:11:06 [DEBUG] login controller index is called
2016-01-30 18:11:15 [DEBUG] tom login successfully.
